<?xml version="1.0" encoding="UTF-8"?>
<testsuite name="chessdt.chesswithdyegoandtobi.ChessWithDyegoAndTobiApplicationTests" tests="1" skipped="0" failures="0" errors="0" timestamp="2022-11-10T14:42:12" hostname="Tobiass-MacBook-Pro.local" time="0.728">
  <properties/>
  <testcase name="contextLoads()" classname="chessdt.chesswithdyegoandtobi.ChessWithDyegoAndTobiApplicationTests" time="0.728"/>
  <system-out><![CDATA[15:42:08.857 [Test worker] DEBUG org.springframework.test.context.BootstrapUtils - Instantiating CacheAwareContextLoaderDelegate from class [org.springframework.test.context.cache.DefaultCacheAwareContextLoaderDelegate]
15:42:08.877 [Test worker] DEBUG org.springframework.test.context.BootstrapUtils - Instantiating BootstrapContext using constructor [public org.springframework.test.context.support.DefaultBootstrapContext(java.lang.Class,org.springframework.test.context.CacheAwareContextLoaderDelegate)]
15:42:08.943 [Test worker] DEBUG org.springframework.test.context.BootstrapUtils - Instantiating TestContextBootstrapper for test class [chessdt.chesswithdyegoandtobi.ChessWithDyegoAndTobiApplicationTests] from class [org.springframework.boot.test.context.SpringBootTestContextBootstrapper]
15:42:08.968 [Test worker] INFO org.springframework.boot.test.context.SpringBootTestContextBootstrapper - Neither @ContextConfiguration nor @ContextHierarchy found for test class [chessdt.chesswithdyegoandtobi.ChessWithDyegoAndTobiApplicationTests], using SpringBootContextLoader
15:42:08.975 [Test worker] DEBUG org.springframework.test.context.support.AbstractContextLoader - Did not detect default resource location for test class [chessdt.chesswithdyegoandtobi.ChessWithDyegoAndTobiApplicationTests]: class path resource [chessdt/chesswithdyegoandtobi/ChessWithDyegoAndTobiApplicationTests-context.xml] does not exist
15:42:08.976 [Test worker] DEBUG org.springframework.test.context.support.AbstractContextLoader - Did not detect default resource location for test class [chessdt.chesswithdyegoandtobi.ChessWithDyegoAndTobiApplicationTests]: class path resource [chessdt/chesswithdyegoandtobi/ChessWithDyegoAndTobiApplicationTestsContext.groovy] does not exist
15:42:08.976 [Test worker] INFO org.springframework.test.context.support.AbstractContextLoader - Could not detect default resource locations for test class [chessdt.chesswithdyegoandtobi.ChessWithDyegoAndTobiApplicationTests]: no resource found for suffixes {-context.xml, Context.groovy}.
15:42:08.978 [Test worker] INFO org.springframework.test.context.support.AnnotationConfigContextLoaderUtils - Could not detect default configuration classes for test class [chessdt.chesswithdyegoandtobi.ChessWithDyegoAndTobiApplicationTests]: ChessWithDyegoAndTobiApplicationTests does not declare any static, non-private, non-final, nested classes annotated with @Configuration.
15:42:09.057 [Test worker] DEBUG org.springframework.test.context.support.ActiveProfilesUtils - Could not find an 'annotation declaring class' for annotation type [org.springframework.test.context.ActiveProfiles] and class [chessdt.chesswithdyegoandtobi.ChessWithDyegoAndTobiApplicationTests]
15:42:09.141 [Test worker] DEBUG org.springframework.context.annotation.ClassPathScanningCandidateComponentProvider - Identified candidate component class: file [/Users/tobias/IdeaProjects/ChessWithDyegoAndTobi/build/classes/kotlin/main/chessdt/chesswithdyegoandtobi/ChessWithDyegoAndTobiApplication.class]
15:42:09.158 [Test worker] INFO org.springframework.boot.test.context.SpringBootTestContextBootstrapper - Found @SpringBootConfiguration chessdt.chesswithdyegoandtobi.ChessWithDyegoAndTobiApplication for test class chessdt.chesswithdyegoandtobi.ChessWithDyegoAndTobiApplicationTests
15:42:09.263 [Test worker] DEBUG org.springframework.boot.test.context.SpringBootTestContextBootstrapper - @TestExecutionListeners is not present for class [chessdt.chesswithdyegoandtobi.ChessWithDyegoAndTobiApplicationTests]: using defaults.
15:42:09.263 [Test worker] INFO org.springframework.boot.test.context.SpringBootTestContextBootstrapper - Loaded default TestExecutionListener class names from location [META-INF/spring.factories]: [org.springframework.boot.test.autoconfigure.restdocs.RestDocsTestExecutionListener, org.springframework.boot.test.autoconfigure.web.client.MockRestServiceServerResetTestExecutionListener, org.springframework.boot.test.autoconfigure.web.servlet.MockMvcPrintOnlyOnFailureTestExecutionListener, org.springframework.boot.test.autoconfigure.web.servlet.WebDriverTestExecutionListener, org.springframework.boot.test.autoconfigure.webservices.client.MockWebServiceServerTestExecutionListener, org.springframework.boot.test.mock.mockito.MockitoTestExecutionListener, org.springframework.boot.test.mock.mockito.ResetMocksTestExecutionListener, org.springframework.test.context.web.ServletTestExecutionListener, org.springframework.test.context.support.DirtiesContextBeforeModesTestExecutionListener, org.springframework.test.context.event.ApplicationEventsTestExecutionListener, org.springframework.test.context.support.DependencyInjectionTestExecutionListener, org.springframework.test.context.support.DirtiesContextTestExecutionListener, org.springframework.test.context.transaction.TransactionalTestExecutionListener, org.springframework.test.context.jdbc.SqlScriptsTestExecutionListener, org.springframework.test.context.event.EventPublishingTestExecutionListener]
15:42:09.277 [Test worker] DEBUG org.springframework.boot.test.context.SpringBootTestContextBootstrapper - Skipping candidate TestExecutionListener [org.springframework.test.context.transaction.TransactionalTestExecutionListener] due to a missing dependency. Specify custom listener classes or make the default listener classes and their required dependencies available. Offending class: [org/springframework/transaction/interceptor/TransactionAttributeSource]
15:42:09.277 [Test worker] DEBUG org.springframework.boot.test.context.SpringBootTestContextBootstrapper - Skipping candidate TestExecutionListener [org.springframework.test.context.jdbc.SqlScriptsTestExecutionListener] due to a missing dependency. Specify custom listener classes or make the default listener classes and their required dependencies available. Offending class: [org/springframework/transaction/interceptor/TransactionAttribute]
15:42:09.278 [Test worker] INFO org.springframework.boot.test.context.SpringBootTestContextBootstrapper - Using TestExecutionListeners: [org.springframework.test.context.web.ServletTestExecutionListener@1080b026, org.springframework.test.context.support.DirtiesContextBeforeModesTestExecutionListener@58ebfd03, org.springframework.test.context.event.ApplicationEventsTestExecutionListener@5b07730f, org.springframework.boot.test.mock.mockito.MockitoTestExecutionListener@1fdfafd2, org.springframework.boot.test.autoconfigure.SpringBootDependencyInjectionTestExecutionListener@a4b2d8f, org.springframework.test.context.support.DirtiesContextTestExecutionListener@dcfda20, org.springframework.test.context.event.EventPublishingTestExecutionListener@6d304f9d, org.springframework.boot.test.autoconfigure.restdocs.RestDocsTestExecutionListener@f73dcd6, org.springframework.boot.test.autoconfigure.web.client.MockRestServiceServerResetTestExecutionListener@5c87bfe2, org.springframework.boot.test.autoconfigure.web.servlet.MockMvcPrintOnlyOnFailureTestExecutionListener@2fea7088, org.springframework.boot.test.autoconfigure.web.servlet.WebDriverTestExecutionListener@40499e4f, org.springframework.boot.test.autoconfigure.webservices.client.MockWebServiceServerTestExecutionListener@51cd7ffc, org.springframework.boot.test.mock.mockito.ResetMocksTestExecutionListener@30d4b288]
15:42:09.285 [Test worker] DEBUG org.springframework.test.context.support.AbstractDirtiesContextTestExecutionListener - Before test class: context [DefaultTestContext@16ecee1 testClass = ChessWithDyegoAndTobiApplicationTests, testInstance = [null], testMethod = [null], testException = [null], mergedContextConfiguration = [WebMergedContextConfiguration@3b220bcb testClass = ChessWithDyegoAndTobiApplicationTests, locations = '{}', classes = '{class chessdt.chesswithdyegoandtobi.ChessWithDyegoAndTobiApplication}', contextInitializerClasses = '[]', activeProfiles = '{}', propertySourceLocations = '{}', propertySourceProperties = '{org.springframework.boot.test.context.SpringBootTestContextBootstrapper=true}', contextCustomizers = set[org.springframework.boot.test.autoconfigure.actuate.metrics.MetricsExportContextCustomizerFactory$DisableMetricExportContextCustomizer@4241e0f4, org.springframework.boot.test.autoconfigure.properties.PropertyMappingContextCustomizer@0, org.springframework.boot.test.autoconfigure.web.servlet.WebDriverContextCustomizerFactory$Customizer@d771cc9, org.springframework.boot.test.context.filter.ExcludeFilterContextCustomizer@1583741e, org.springframework.boot.test.json.DuplicateJsonObjectContextCustomizerFactory$DuplicateJsonObjectContextCustomizer@2e48362c, org.springframework.boot.test.mock.mockito.MockitoContextCustomizer@0, org.springframework.boot.test.web.client.TestRestTemplateContextCustomizer@68df9280, org.springframework.boot.test.context.SpringBootTestArgs@1, org.springframework.boot.test.context.SpringBootTestWebEnvironment@17f7cd29], resourceBasePath = 'src/main/webapp', contextLoader = 'org.springframework.boot.test.context.SpringBootContextLoader', parent = [null]], attributes = map['org.springframework.test.context.web.ServletTestExecutionListener.activateListener' -> true]], class annotated with @DirtiesContext [false] with mode [null].

  .   ____          _            __ _ _
 /\\ / ___'_ __ _ _(_)_ __  __ _ \ \ \ \
( ( )\___ | '_ | '_| | '_ \/ _` | \ \ \ \
 \\/  ___)| |_)| | | | | || (_| |  ) ) ) )
  '  |____| .__|_| |_|_| |_\__, | / / / /
 =========|_|==============|___/=/_/_/_/
 :: Spring Boot ::                (v2.7.2)

2022-11-10 15:42:09.869  INFO 16344 --- [    Test worker] .c.ChessWithDyegoAndTobiApplicationTests : Starting ChessWithDyegoAndTobiApplicationTests using Java 17.0.2 on Tobiass-MacBook-Pro.local with PID 16344 (started by tobias in /Users/tobias/IdeaProjects/ChessWithDyegoAndTobi)
2022-11-10 15:42:09.871  INFO 16344 --- [    Test worker] .c.ChessWithDyegoAndTobiApplicationTests : No active profile set, falling back to 1 default profile: "default"
2022-11-10 15:42:11.975  INFO 16344 --- [    Test worker] .c.ChessWithDyegoAndTobiApplicationTests : Started ChessWithDyegoAndTobiApplicationTests in 2.646 seconds (JVM running for 4.528)
]]></system-out>
  <system-err><![CDATA[]]></system-err>
</testsuite>
